
--->  Fr 28. Mai 22:56:01 BST 2021  Start Relais 1 BWWP
--->  Fr 28. Mai 23:00:01 BST 2021  Start Relais 1 BWWP
<---  Fr 28. Mai 23:02:01 BST 2021  Stopp Relais 1 BWWP
<---  Fr 28. Mai 23:30:01 BST 2021  Stopp Relais 1 BWWP
--->  Sa 29. Mai 12:00:01 BST 2021  Start Relais 7 
--->  Sa 29. Mai 13:00:01 BST 2021  Start Relais 8 
--->  Sa 29. Mai 13:00:01 BST 2021  Start Relais 6 
--->  Sa 29. Mai 13:00:01 BST 2021  Start Relais 2 WärmePumpe
--->  Sa 29. Mai 13:00:01 BST 2021  Start Relais 3 Geschirr
<---  Sa 29. Mai 13:54:01 BST 2021  Stopp Relais 6 
<---  Sa 29. Mai 15:00:01 BST 2021  Stopp Relais 2 WärmePumpe
<---  Sa 29. Mai 15:00:01 BST 2021  Stopp Relais 8 
<---  Sa 29. Mai 15:30:01 BST 2021  Stopp Relais 3 Geschirr
<---  Sa 29. Mai 15:30:01 BST 2021  Stopp Relais 7 
--->  Sa 29. Mai 22:22:32 BST 2021  Start Relais 8 
<---  Sa 29. Mai 22:22:57 BST 2021  Stopp Relais 8 
--->  Sa 29. Mai 22:23:14 BST 2021  Start Relais 8 
--->  Sa 29. Mai 22:24:43 BST 2021  Start Relais 8 
--->  Sa 29. Mai 22:27:27 BST 2021  Start Relais 7 
--->  Sa 29. Mai 22:27:48 BST 2021  Start Relais 7 
<---  Sa 29. Mai 22:28:05 BST 2021  Stopp Relais 7 
